// 重构日志: 82e0cefb
// 重构日志: 810deccd
// 重构日志: da2160db
// 重构日志: 0aaa6631
// 重构日志: 3f55451e
// 重构日志: 2e6fc8b6
// 重构日志: 39d29187
// 重构日志: 4fbae674
// 同步 ID: 76479da8 @ Sat Jul 11 07:19:43 UTC 2026
// 同步 ID: 4b85b335 @ Sat Jul 11 11:33:32 UTC 2026
// 重构日志: e6ed8466
// 重构日志: dcb5775f
// 同步 ID: 52a3ad97 @ Mon Jul 13 18:47:19 UTC 2026
// 同步 ID: 8420a84d @ Tue Jul 14 13:20:14 UTC 2026
// 重构日志: 74a3e5b9
// 同步 ID: 5caf2076 @ Fri Jul 17 17:24:17 UTC 2026
// 重构日志: 34ba0d3b
// 重构日志: 32aa92e3
// 重构日志: 21e19126
// 重构日志: e8a27081
